2016-11-13 18:03:44,046 INFO impl.MetricsConfig: loaded properties from hadoop-metrics2.properties
2016-11-13 18:03:44,163 INFO impl.MetricsSystemImpl: Scheduled snapshot period at 10 second(s).
2016-11-13 18:03:44,163 INFO impl.MetricsSystemImpl: JobTracker metrics system started
2016-11-13 18:03:44,568 WARN mapreduce.JobResourceUploader: Hadoop command-line option parsing not performed. Implement the Tool interface and execute your application with ToolRunner to remedy this.
2016-11-13 18:03:44,571 WARN mapreduce.JobResourceUploader: No job jar file set.  User classes may not be found. See Job or Job#setJar(String).
2016-11-13 18:03:44,643 INFO input.FileInputFormat: Total input files to process : 3
2016-11-13 18:03:44,691 INFO mapreduce.JobSubmitter: number of splits:3
2016-11-13 18:03:44,883 INFO mapreduce.JobSubmitter: Submitting tokens for job: job_local78338153_0001
2016-11-13 18:03:45,254 INFO mapreduce.Job: The url to track the job: http://localhost:8080/
2016-11-13 18:03:45,255 INFO mapreduce.Job: Running job: job_local78338153_0001
2016-11-13 18:03:45,257 INFO mapred.LocalJobRunner: OutputCommitter set in config null
2016-11-13 18:03:45,268 INFO output.FileOutputCommitter: File Output Committer Algorithm version is 2
2016-11-13 18:03:45,268 INFO output.FileOutputCommitter: FileOutputCommitter skip cleanup _temporary folders under output directory:false, ignore cleanup failures: false
2016-11-13 18:03:45,272 INFO mapred.LocalJobRunner: OutputCommitter is org.apache.hadoop.mapreduce.lib.output.FileOutputCommitter
2016-11-13 18:03:45,307 INFO mapred.LocalJobRunner: Waiting for map tasks
2016-11-13 18:03:45,308 INFO mapred.LocalJobRunner: Starting task: attempt_local78338153_0001_m_000000_0
2016-11-13 18:03:45,348 INFO output.FileOutputCommitter: File Output Committer Algorithm version is 2
2016-11-13 18:03:45,348 INFO output.FileOutputCommitter: FileOutputCommitter skip cleanup _temporary folders under output directory:false, ignore cleanup failures: false
2016-11-13 18:03:45,370 INFO mapred.Task:  Using ResourceCalculatorProcessTree : [ ]
2016-11-13 18:03:45,377 INFO mapred.MapTask: Processing split: file:/home/ademkerenci/Desktop/4.sinif 1.donem/ECE 575 /Assignments/Assignment1/InputsAndOutputs/Input/Question1/britannica_2.txt:0+1188513
2016-11-13 18:03:45,421 INFO mapred.MapTask: (EQUATOR) 0 kvi 26214396(104857584)
2016-11-13 18:03:45,421 INFO mapred.MapTask: mapreduce.task.io.sort.mb: 100
2016-11-13 18:03:45,421 INFO mapred.MapTask: soft limit at 83886080
2016-11-13 18:03:45,421 INFO mapred.MapTask: bufstart = 0; bufvoid = 104857600
2016-11-13 18:03:45,421 INFO mapred.MapTask: kvstart = 26214396; length = 6553600
2016-11-13 18:03:45,427 INFO mapred.MapTask: Map output collector class = org.apache.hadoop.mapred.MapTask$MapOutputBuffer
2016-11-13 18:03:45,435 INFO input.LineRecordReader: Found UTF-8 BOM and skipped it
2016-11-13 18:03:46,259 INFO mapreduce.Job: Job job_local78338153_0001 running in uber mode : false
2016-11-13 18:03:46,261 INFO mapreduce.Job:  map 0% reduce 0%
2016-11-13 18:03:46,267 INFO mapred.LocalJobRunner: 
2016-11-13 18:03:46,267 INFO mapred.MapTask: Starting flush of map output
2016-11-13 18:03:46,267 INFO mapred.MapTask: Spilling map output
2016-11-13 18:03:46,267 INFO mapred.MapTask: bufstart = 0; bufend = 5804489; bufvoid = 104857600
2016-11-13 18:03:46,268 INFO mapred.MapTask: kvstart = 26214396(104857584); kvend = 22345212(89380848); length = 3869185/6553600
2016-11-13 18:03:47,379 INFO mapred.MapTask: Finished spill 0
2016-11-13 18:03:47,389 INFO mapred.Task: Task:attempt_local78338153_0001_m_000000_0 is done. And is in the process of committing
2016-11-13 18:03:47,394 INFO mapred.LocalJobRunner: map
2016-11-13 18:03:47,394 INFO mapred.Task: Task 'attempt_local78338153_0001_m_000000_0' done.
2016-11-13 18:03:47,394 INFO mapred.LocalJobRunner: Finishing task: attempt_local78338153_0001_m_000000_0
2016-11-13 18:03:47,395 INFO mapred.LocalJobRunner: Starting task: attempt_local78338153_0001_m_000001_0
2016-11-13 18:03:47,397 INFO output.FileOutputCommitter: File Output Committer Algorithm version is 2
2016-11-13 18:03:47,397 INFO output.FileOutputCommitter: FileOutputCommitter skip cleanup _temporary folders under output directory:false, ignore cleanup failures: false
2016-11-13 18:03:47,398 INFO mapred.Task:  Using ResourceCalculatorProcessTree : [ ]
2016-11-13 18:03:47,400 INFO mapred.MapTask: Processing split: file:/home/ademkerenci/Desktop/4.sinif 1.donem/ECE 575 /Assignments/Assignment1/InputsAndOutputs/Input/Question1/britannica_3.txt:0+1187847
2016-11-13 18:03:47,427 INFO mapred.MapTask: (EQUATOR) 0 kvi 26214396(104857584)
2016-11-13 18:03:47,427 INFO mapred.MapTask: mapreduce.task.io.sort.mb: 100
2016-11-13 18:03:47,427 INFO mapred.MapTask: soft limit at 83886080
2016-11-13 18:03:47,428 INFO mapred.MapTask: bufstart = 0; bufvoid = 104857600
2016-11-13 18:03:47,428 INFO mapred.MapTask: kvstart = 26214396; length = 6553600
2016-11-13 18:03:47,428 INFO mapred.MapTask: Map output collector class = org.apache.hadoop.mapred.MapTask$MapOutputBuffer
2016-11-13 18:03:47,431 INFO input.LineRecordReader: Found UTF-8 BOM and skipped it
2016-11-13 18:03:48,192 INFO mapred.LocalJobRunner: 
2016-11-13 18:03:48,192 INFO mapred.MapTask: Starting flush of map output
2016-11-13 18:03:48,192 INFO mapred.MapTask: Spilling map output
2016-11-13 18:03:48,192 INFO mapred.MapTask: bufstart = 0; bufend = 5761996; bufvoid = 104857600
2016-11-13 18:03:48,192 INFO mapred.MapTask: kvstart = 26214396(104857584); kvend = 22373428(89493712); length = 3840969/6553600
2016-11-13 18:03:48,269 INFO mapreduce.Job:  map 33% reduce 0%
2016-11-13 18:03:48,870 INFO mapred.MapTask: Finished spill 0
2016-11-13 18:03:48,873 INFO mapred.Task: Task:attempt_local78338153_0001_m_000001_0 is done. And is in the process of committing
2016-11-13 18:03:48,876 INFO mapred.LocalJobRunner: map
2016-11-13 18:03:48,876 INFO mapred.Task: Task 'attempt_local78338153_0001_m_000001_0' done.
2016-11-13 18:03:48,876 INFO mapred.LocalJobRunner: Finishing task: attempt_local78338153_0001_m_000001_0
2016-11-13 18:03:48,876 INFO mapred.LocalJobRunner: Starting task: attempt_local78338153_0001_m_000002_0
2016-11-13 18:03:48,879 INFO output.FileOutputCommitter: File Output Committer Algorithm version is 2
2016-11-13 18:03:48,879 INFO output.FileOutputCommitter: FileOutputCommitter skip cleanup _temporary folders under output directory:false, ignore cleanup failures: false
2016-11-13 18:03:48,880 INFO mapred.Task:  Using ResourceCalculatorProcessTree : [ ]
2016-11-13 18:03:48,883 INFO mapred.MapTask: Processing split: file:/home/ademkerenci/Desktop/4.sinif 1.donem/ECE 575 /Assignments/Assignment1/InputsAndOutputs/Input/Question1/britannica_1.txt:0+520079
2016-11-13 18:03:48,913 INFO mapred.MapTask: (EQUATOR) 0 kvi 26214396(104857584)
2016-11-13 18:03:48,914 INFO mapred.MapTask: mapreduce.task.io.sort.mb: 100
2016-11-13 18:03:48,914 INFO mapred.MapTask: soft limit at 83886080
2016-11-13 18:03:48,914 INFO mapred.MapTask: bufstart = 0; bufvoid = 104857600
2016-11-13 18:03:48,914 INFO mapred.MapTask: kvstart = 26214396; length = 6553600
2016-11-13 18:03:48,915 INFO mapred.MapTask: Map output collector class = org.apache.hadoop.mapred.MapTask$MapOutputBuffer
2016-11-13 18:03:48,916 INFO input.LineRecordReader: Found UTF-8 BOM and skipped it
2016-11-13 18:03:49,224 INFO mapred.LocalJobRunner: 
2016-11-13 18:03:49,224 INFO mapred.MapTask: Starting flush of map output
2016-11-13 18:03:49,224 INFO mapred.MapTask: Spilling map output
2016-11-13 18:03:49,224 INFO mapred.MapTask: bufstart = 0; bufend = 2550374; bufvoid = 104857600
2016-11-13 18:03:49,224 INFO mapred.MapTask: kvstart = 26214396(104857584); kvend = 24514364(98057456); length = 1700033/6553600
2016-11-13 18:03:49,270 INFO mapreduce.Job:  map 67% reduce 0%
2016-11-13 18:03:49,513 INFO mapred.MapTask: Finished spill 0
2016-11-13 18:03:49,516 INFO mapred.Task: Task:attempt_local78338153_0001_m_000002_0 is done. And is in the process of committing
2016-11-13 18:03:49,518 INFO mapred.LocalJobRunner: map
2016-11-13 18:03:49,518 INFO mapred.Task: Task 'attempt_local78338153_0001_m_000002_0' done.
2016-11-13 18:03:49,518 INFO mapred.LocalJobRunner: Finishing task: attempt_local78338153_0001_m_000002_0
2016-11-13 18:03:49,518 INFO mapred.LocalJobRunner: map task executor complete.
2016-11-13 18:03:49,527 INFO mapred.LocalJobRunner: Waiting for reduce tasks
2016-11-13 18:03:49,530 INFO mapred.LocalJobRunner: Starting task: attempt_local78338153_0001_r_000000_0
2016-11-13 18:03:49,544 INFO output.FileOutputCommitter: File Output Committer Algorithm version is 2
2016-11-13 18:03:49,544 INFO output.FileOutputCommitter: FileOutputCommitter skip cleanup _temporary folders under output directory:false, ignore cleanup failures: false
2016-11-13 18:03:49,545 INFO mapred.Task:  Using ResourceCalculatorProcessTree : [ ]
2016-11-13 18:03:49,551 INFO mapred.ReduceTask: Using ShuffleConsumerPlugin: org.apache.hadoop.mapreduce.task.reduce.Shuffle@52a58d14
2016-11-13 18:03:49,553 WARN impl.MetricsSystemImpl: JobTracker metrics system already initialized!
2016-11-13 18:03:49,574 INFO reduce.MergeManagerImpl: MergerManager: memoryLimit=596377600, maxSingleShuffleLimit=149094400, mergeThreshold=393609216, ioSortFactor=10, memToMemMergeOutputsThreshold=10
2016-11-13 18:03:49,581 INFO reduce.EventFetcher: attempt_local78338153_0001_r_000000_0 Thread started: EventFetcher for fetching Map Completion Events
2016-11-13 18:03:49,657 INFO reduce.LocalFetcher: localfetcher#1 about to shuffle output of map attempt_local78338153_0001_m_000002_0 decomp: 284 len: 288 to MEMORY
2016-11-13 18:03:49,665 INFO reduce.InMemoryMapOutput: Read 284 bytes from map-output for attempt_local78338153_0001_m_000002_0
2016-11-13 18:03:49,667 INFO reduce.MergeManagerImpl: closeInMemoryFile -> map-output of size: 284, inMemoryMapOutputs.size() -> 1, commitMemory -> 0, usedMemory ->284
2016-11-13 18:03:49,672 INFO reduce.LocalFetcher: localfetcher#1 about to shuffle output of map attempt_local78338153_0001_m_000000_0 decomp: 267 len: 271 to MEMORY
2016-11-13 18:03:49,674 INFO reduce.InMemoryMapOutput: Read 267 bytes from map-output for attempt_local78338153_0001_m_000000_0
2016-11-13 18:03:49,674 INFO reduce.MergeManagerImpl: closeInMemoryFile -> map-output of size: 267, inMemoryMapOutputs.size() -> 2, commitMemory -> 284, usedMemory ->551
2016-11-13 18:03:49,677 INFO reduce.LocalFetcher: localfetcher#1 about to shuffle output of map attempt_local78338153_0001_m_000001_0 decomp: 276 len: 280 to MEMORY
2016-11-13 18:03:49,679 WARN io.ReadaheadPool: Failed readahead on ifile
EBADF: Bad file descriptor
	at org.apache.hadoop.io.nativeio.NativeIO$POSIX.posix_fadvise(Native Method)
	at org.apache.hadoop.io.nativeio.NativeIO$POSIX.posixFadviseIfPossible(NativeIO.java:267)
	at org.apache.hadoop.io.nativeio.NativeIO$POSIX$CacheManipulator.posixFadviseIfPossible(NativeIO.java:146)
	at org.apache.hadoop.io.ReadaheadPool$ReadaheadRequestImpl.run(ReadaheadPool.java:208)
	at java.util.concurrent.ThreadPoolExecutor.runWorker(ThreadPoolExecutor.java:1142)
	at java.util.concurrent.ThreadPoolExecutor$Worker.run(ThreadPoolExecutor.java:617)
	at java.lang.Thread.run(Thread.java:745)
2016-11-13 18:03:49,680 INFO reduce.InMemoryMapOutput: Read 276 bytes from map-output for attempt_local78338153_0001_m_000001_0
2016-11-13 18:03:49,683 INFO reduce.MergeManagerImpl: closeInMemoryFile -> map-output of size: 276, inMemoryMapOutputs.size() -> 3, commitMemory -> 551, usedMemory ->827
2016-11-13 18:03:49,684 INFO reduce.EventFetcher: EventFetcher is interrupted.. Returning
2016-11-13 18:03:49,685 INFO mapred.LocalJobRunner: 3 / 3 copied.
2016-11-13 18:03:49,686 INFO reduce.MergeManagerImpl: finalMerge called with 3 in-memory map-outputs and 0 on-disk map-outputs
2016-11-13 18:03:49,697 INFO mapred.Merger: Merging 3 sorted segments
2016-11-13 18:03:49,697 INFO mapred.Merger: Down to the last merge-pass, with 3 segments left of total size: 815 bytes
2016-11-13 18:03:49,700 INFO reduce.MergeManagerImpl: Merged 3 segments, 827 bytes to disk to satisfy reduce memory limit
2016-11-13 18:03:49,701 INFO reduce.MergeManagerImpl: Merging 1 files, 827 bytes from disk
2016-11-13 18:03:49,701 INFO reduce.MergeManagerImpl: Merging 0 segments, 0 bytes from memory into reduce
2016-11-13 18:03:49,702 INFO mapred.Merger: Merging 1 sorted segments
2016-11-13 18:03:49,702 INFO mapred.Merger: Down to the last merge-pass, with 1 segments left of total size: 819 bytes
2016-11-13 18:03:49,703 INFO mapred.LocalJobRunner: 3 / 3 copied.
2016-11-13 18:03:49,707 INFO Configuration.deprecation: mapred.skip.on is deprecated. Instead, use mapreduce.job.skiprecords
2016-11-13 18:03:49,716 INFO mapred.Task: Task:attempt_local78338153_0001_r_000000_0 is done. And is in the process of committing
2016-11-13 18:03:49,717 INFO mapred.LocalJobRunner: 3 / 3 copied.
2016-11-13 18:03:49,718 INFO mapred.Task: Task attempt_local78338153_0001_r_000000_0 is allowed to commit now
2016-11-13 18:03:49,723 INFO output.FileOutputCommitter: Saved output of task 'attempt_local78338153_0001_r_000000_0' to file:/home/ademkerenci/Desktop/4.sinif 1.donem/ECE 575 /Assignments/Assignment1/Question1/charcount/output
2016-11-13 18:03:49,724 INFO mapred.LocalJobRunner: reduce > reduce
2016-11-13 18:03:49,724 INFO mapred.Task: Task 'attempt_local78338153_0001_r_000000_0' done.
2016-11-13 18:03:49,725 INFO mapred.LocalJobRunner: Finishing task: attempt_local78338153_0001_r_000000_0
2016-11-13 18:03:49,725 INFO mapred.LocalJobRunner: Starting task: attempt_local78338153_0001_r_000001_0
2016-11-13 18:03:49,729 INFO output.FileOutputCommitter: File Output Committer Algorithm version is 2
2016-11-13 18:03:49,729 INFO output.FileOutputCommitter: FileOutputCommitter skip cleanup _temporary folders under output directory:false, ignore cleanup failures: false
2016-11-13 18:03:49,731 INFO mapred.Task:  Using ResourceCalculatorProcessTree : [ ]
2016-11-13 18:03:49,731 INFO mapred.ReduceTask: Using ShuffleConsumerPlugin: org.apache.hadoop.mapreduce.task.reduce.Shuffle@6e5debd2
2016-11-13 18:03:49,732 WARN impl.MetricsSystemImpl: JobTracker metrics system already initialized!
2016-11-13 18:03:49,733 INFO reduce.MergeManagerImpl: MergerManager: memoryLimit=596377600, maxSingleShuffleLimit=149094400, mergeThreshold=393609216, ioSortFactor=10, memToMemMergeOutputsThreshold=10
2016-11-13 18:03:49,734 INFO reduce.EventFetcher: attempt_local78338153_0001_r_000001_0 Thread started: EventFetcher for fetching Map Completion Events
2016-11-13 18:03:49,738 INFO reduce.LocalFetcher: localfetcher#2 about to shuffle output of map attempt_local78338153_0001_m_000002_0 decomp: 223 len: 227 to MEMORY
2016-11-13 18:03:49,739 INFO reduce.InMemoryMapOutput: Read 223 bytes from map-output for attempt_local78338153_0001_m_000002_0
2016-11-13 18:03:49,740 INFO reduce.MergeManagerImpl: closeInMemoryFile -> map-output of size: 223, inMemoryMapOutputs.size() -> 1, commitMemory -> 0, usedMemory ->223
2016-11-13 18:03:49,742 INFO reduce.LocalFetcher: localfetcher#2 about to shuffle output of map attempt_local78338153_0001_m_000000_0 decomp: 249 len: 253 to MEMORY
2016-11-13 18:03:49,743 INFO reduce.InMemoryMapOutput: Read 249 bytes from map-output for attempt_local78338153_0001_m_000000_0
2016-11-13 18:03:49,743 INFO reduce.MergeManagerImpl: closeInMemoryFile -> map-output of size: 249, inMemoryMapOutputs.size() -> 2, commitMemory -> 223, usedMemory ->472
2016-11-13 18:03:49,745 INFO reduce.LocalFetcher: localfetcher#2 about to shuffle output of map attempt_local78338153_0001_m_000001_0 decomp: 277 len: 281 to MEMORY
2016-11-13 18:03:49,746 INFO reduce.InMemoryMapOutput: Read 277 bytes from map-output for attempt_local78338153_0001_m_000001_0
2016-11-13 18:03:49,746 INFO reduce.MergeManagerImpl: closeInMemoryFile -> map-output of size: 277, inMemoryMapOutputs.size() -> 3, commitMemory -> 472, usedMemory ->749
2016-11-13 18:03:49,747 INFO reduce.EventFetcher: EventFetcher is interrupted.. Returning
2016-11-13 18:03:49,748 INFO mapred.LocalJobRunner: 3 / 3 copied.
2016-11-13 18:03:49,748 INFO reduce.MergeManagerImpl: finalMerge called with 3 in-memory map-outputs and 0 on-disk map-outputs
2016-11-13 18:03:49,750 INFO mapred.Merger: Merging 3 sorted segments
2016-11-13 18:03:49,750 INFO mapred.Merger: Down to the last merge-pass, with 3 segments left of total size: 737 bytes
2016-11-13 18:03:49,753 INFO reduce.MergeManagerImpl: Merged 3 segments, 749 bytes to disk to satisfy reduce memory limit
2016-11-13 18:03:49,754 INFO reduce.MergeManagerImpl: Merging 1 files, 749 bytes from disk
2016-11-13 18:03:49,754 INFO reduce.MergeManagerImpl: Merging 0 segments, 0 bytes from memory into reduce
2016-11-13 18:03:49,754 INFO mapred.Merger: Merging 1 sorted segments
2016-11-13 18:03:49,755 INFO mapred.Merger: Down to the last merge-pass, with 1 segments left of total size: 741 bytes
2016-11-13 18:03:49,755 INFO mapred.LocalJobRunner: 3 / 3 copied.
2016-11-13 18:03:49,764 INFO mapred.Task: Task:attempt_local78338153_0001_r_000001_0 is done. And is in the process of committing
2016-11-13 18:03:49,766 INFO mapred.LocalJobRunner: 3 / 3 copied.
2016-11-13 18:03:49,767 INFO mapred.Task: Task attempt_local78338153_0001_r_000001_0 is allowed to commit now
2016-11-13 18:03:49,770 INFO output.FileOutputCommitter: Saved output of task 'attempt_local78338153_0001_r_000001_0' to file:/home/ademkerenci/Desktop/4.sinif 1.donem/ECE 575 /Assignments/Assignment1/Question1/charcount/output
2016-11-13 18:03:49,771 INFO mapred.LocalJobRunner: reduce > reduce
2016-11-13 18:03:49,771 INFO mapred.Task: Task 'attempt_local78338153_0001_r_000001_0' done.
2016-11-13 18:03:49,771 INFO mapred.LocalJobRunner: Finishing task: attempt_local78338153_0001_r_000001_0
2016-11-13 18:03:49,771 INFO mapred.LocalJobRunner: Starting task: attempt_local78338153_0001_r_000002_0
2016-11-13 18:03:49,775 INFO output.FileOutputCommitter: File Output Committer Algorithm version is 2
2016-11-13 18:03:49,775 INFO output.FileOutputCommitter: FileOutputCommitter skip cleanup _temporary folders under output directory:false, ignore cleanup failures: false
2016-11-13 18:03:49,776 INFO mapred.Task:  Using ResourceCalculatorProcessTree : [ ]
2016-11-13 18:03:49,776 INFO mapred.ReduceTask: Using ShuffleConsumerPlugin: org.apache.hadoop.mapreduce.task.reduce.Shuffle@5d0c5313
2016-11-13 18:03:49,777 WARN impl.MetricsSystemImpl: JobTracker metrics system already initialized!
2016-11-13 18:03:49,779 INFO reduce.MergeManagerImpl: MergerManager: memoryLimit=596377600, maxSingleShuffleLimit=149094400, mergeThreshold=393609216, ioSortFactor=10, memToMemMergeOutputsThreshold=10
2016-11-13 18:03:49,781 INFO reduce.EventFetcher: attempt_local78338153_0001_r_000002_0 Thread started: EventFetcher for fetching Map Completion Events
2016-11-13 18:03:49,783 INFO reduce.LocalFetcher: localfetcher#3 about to shuffle output of map attempt_local78338153_0001_m_000002_0 decomp: 258 len: 262 to MEMORY
2016-11-13 18:03:49,784 INFO reduce.InMemoryMapOutput: Read 258 bytes from map-output for attempt_local78338153_0001_m_000002_0
2016-11-13 18:03:49,784 INFO reduce.MergeManagerImpl: closeInMemoryFile -> map-output of size: 258, inMemoryMapOutputs.size() -> 1, commitMemory -> 0, usedMemory ->258
2016-11-13 18:03:49,787 INFO reduce.LocalFetcher: localfetcher#3 about to shuffle output of map attempt_local78338153_0001_m_000000_0 decomp: 286 len: 290 to MEMORY
2016-11-13 18:03:49,788 INFO reduce.InMemoryMapOutput: Read 286 bytes from map-output for attempt_local78338153_0001_m_000000_0
2016-11-13 18:03:49,788 INFO reduce.MergeManagerImpl: closeInMemoryFile -> map-output of size: 286, inMemoryMapOutputs.size() -> 2, commitMemory -> 258, usedMemory ->544
2016-11-13 18:03:49,790 INFO reduce.LocalFetcher: localfetcher#3 about to shuffle output of map attempt_local78338153_0001_m_000001_0 decomp: 259 len: 263 to MEMORY
2016-11-13 18:03:49,791 INFO reduce.InMemoryMapOutput: Read 259 bytes from map-output for attempt_local78338153_0001_m_000001_0
2016-11-13 18:03:49,791 INFO reduce.MergeManagerImpl: closeInMemoryFile -> map-output of size: 259, inMemoryMapOutputs.size() -> 3, commitMemory -> 544, usedMemory ->803
2016-11-13 18:03:49,792 INFO reduce.EventFetcher: EventFetcher is interrupted.. Returning
2016-11-13 18:03:49,793 INFO mapred.LocalJobRunner: 3 / 3 copied.
2016-11-13 18:03:49,793 INFO reduce.MergeManagerImpl: finalMerge called with 3 in-memory map-outputs and 0 on-disk map-outputs
2016-11-13 18:03:49,795 INFO mapred.Merger: Merging 3 sorted segments
2016-11-13 18:03:49,795 INFO mapred.Merger: Down to the last merge-pass, with 3 segments left of total size: 791 bytes
2016-11-13 18:03:49,798 INFO reduce.MergeManagerImpl: Merged 3 segments, 803 bytes to disk to satisfy reduce memory limit
2016-11-13 18:03:49,800 INFO reduce.MergeManagerImpl: Merging 1 files, 803 bytes from disk
2016-11-13 18:03:49,800 INFO reduce.MergeManagerImpl: Merging 0 segments, 0 bytes from memory into reduce
2016-11-13 18:03:49,800 INFO mapred.Merger: Merging 1 sorted segments
2016-11-13 18:03:49,801 INFO mapred.Merger: Down to the last merge-pass, with 1 segments left of total size: 795 bytes
2016-11-13 18:03:49,801 INFO mapred.LocalJobRunner: 3 / 3 copied.
2016-11-13 18:03:49,810 INFO mapred.Task: Task:attempt_local78338153_0001_r_000002_0 is done. And is in the process of committing
2016-11-13 18:03:49,812 INFO mapred.LocalJobRunner: 3 / 3 copied.
2016-11-13 18:03:49,812 INFO mapred.Task: Task attempt_local78338153_0001_r_000002_0 is allowed to commit now
2016-11-13 18:03:49,816 INFO output.FileOutputCommitter: Saved output of task 'attempt_local78338153_0001_r_000002_0' to file:/home/ademkerenci/Desktop/4.sinif 1.donem/ECE 575 /Assignments/Assignment1/Question1/charcount/output
2016-11-13 18:03:49,817 INFO mapred.LocalJobRunner: reduce > reduce
2016-11-13 18:03:49,817 INFO mapred.Task: Task 'attempt_local78338153_0001_r_000002_0' done.
2016-11-13 18:03:49,817 INFO mapred.LocalJobRunner: Finishing task: attempt_local78338153_0001_r_000002_0
2016-11-13 18:03:49,817 INFO mapred.LocalJobRunner: Starting task: attempt_local78338153_0001_r_000003_0
2016-11-13 18:03:49,823 INFO output.FileOutputCommitter: File Output Committer Algorithm version is 2
2016-11-13 18:03:49,823 INFO output.FileOutputCommitter: FileOutputCommitter skip cleanup _temporary folders under output directory:false, ignore cleanup failures: false
2016-11-13 18:03:49,824 INFO mapred.Task:  Using ResourceCalculatorProcessTree : [ ]
2016-11-13 18:03:49,824 INFO mapred.ReduceTask: Using ShuffleConsumerPlugin: org.apache.hadoop.mapreduce.task.reduce.Shuffle@59087ee2
2016-11-13 18:03:49,825 WARN impl.MetricsSystemImpl: JobTracker metrics system already initialized!
2016-11-13 18:03:49,826 INFO reduce.MergeManagerImpl: MergerManager: memoryLimit=596377600, maxSingleShuffleLimit=149094400, mergeThreshold=393609216, ioSortFactor=10, memToMemMergeOutputsThreshold=10
2016-11-13 18:03:49,828 INFO reduce.EventFetcher: attempt_local78338153_0001_r_000003_0 Thread started: EventFetcher for fetching Map Completion Events
2016-11-13 18:03:49,831 INFO reduce.LocalFetcher: localfetcher#4 about to shuffle output of map attempt_local78338153_0001_m_000002_0 decomp: 199 len: 203 to MEMORY
2016-11-13 18:03:49,832 INFO reduce.InMemoryMapOutput: Read 199 bytes from map-output for attempt_local78338153_0001_m_000002_0
2016-11-13 18:03:49,832 INFO reduce.MergeManagerImpl: closeInMemoryFile -> map-output of size: 199, inMemoryMapOutputs.size() -> 1, commitMemory -> 0, usedMemory ->199
2016-11-13 18:03:49,835 INFO reduce.LocalFetcher: localfetcher#4 about to shuffle output of map attempt_local78338153_0001_m_000000_0 decomp: 241 len: 245 to MEMORY
2016-11-13 18:03:49,836 INFO reduce.InMemoryMapOutput: Read 241 bytes from map-output for attempt_local78338153_0001_m_000000_0
2016-11-13 18:03:49,837 INFO reduce.MergeManagerImpl: closeInMemoryFile -> map-output of size: 241, inMemoryMapOutputs.size() -> 2, commitMemory -> 199, usedMemory ->440
2016-11-13 18:03:49,840 INFO reduce.LocalFetcher: localfetcher#4 about to shuffle output of map attempt_local78338153_0001_m_000001_0 decomp: 250 len: 254 to MEMORY
2016-11-13 18:03:49,841 INFO reduce.InMemoryMapOutput: Read 250 bytes from map-output for attempt_local78338153_0001_m_000001_0
2016-11-13 18:03:49,841 INFO reduce.MergeManagerImpl: closeInMemoryFile -> map-output of size: 250, inMemoryMapOutputs.size() -> 3, commitMemory -> 440, usedMemory ->690
2016-11-13 18:03:49,842 INFO reduce.EventFetcher: EventFetcher is interrupted.. Returning
2016-11-13 18:03:49,842 INFO mapred.LocalJobRunner: 3 / 3 copied.
2016-11-13 18:03:49,843 INFO reduce.MergeManagerImpl: finalMerge called with 3 in-memory map-outputs and 0 on-disk map-outputs
2016-11-13 18:03:49,844 INFO mapred.Merger: Merging 3 sorted segments
2016-11-13 18:03:49,844 INFO mapred.Merger: Down to the last merge-pass, with 3 segments left of total size: 678 bytes
2016-11-13 18:03:49,845 INFO reduce.MergeManagerImpl: Merged 3 segments, 690 bytes to disk to satisfy reduce memory limit
2016-11-13 18:03:49,846 INFO reduce.MergeManagerImpl: Merging 1 files, 690 bytes from disk
2016-11-13 18:03:49,846 INFO reduce.MergeManagerImpl: Merging 0 segments, 0 bytes from memory into reduce
2016-11-13 18:03:49,846 INFO mapred.Merger: Merging 1 sorted segments
2016-11-13 18:03:49,846 INFO mapred.Merger: Down to the last merge-pass, with 1 segments left of total size: 682 bytes
2016-11-13 18:03:49,847 INFO mapred.LocalJobRunner: 3 / 3 copied.
2016-11-13 18:03:49,855 INFO mapred.Task: Task:attempt_local78338153_0001_r_000003_0 is done. And is in the process of committing
2016-11-13 18:03:49,856 INFO mapred.LocalJobRunner: 3 / 3 copied.
2016-11-13 18:03:49,856 INFO mapred.Task: Task attempt_local78338153_0001_r_000003_0 is allowed to commit now
2016-11-13 18:03:49,859 INFO output.FileOutputCommitter: Saved output of task 'attempt_local78338153_0001_r_000003_0' to file:/home/ademkerenci/Desktop/4.sinif 1.donem/ECE 575 /Assignments/Assignment1/Question1/charcount/output
2016-11-13 18:03:49,860 INFO mapred.LocalJobRunner: reduce > reduce
2016-11-13 18:03:49,860 INFO mapred.Task: Task 'attempt_local78338153_0001_r_000003_0' done.
2016-11-13 18:03:49,860 INFO mapred.LocalJobRunner: Finishing task: attempt_local78338153_0001_r_000003_0
2016-11-13 18:03:49,860 INFO mapred.LocalJobRunner: reduce task executor complete.
2016-11-13 18:03:50,271 INFO mapreduce.Job:  map 100% reduce 100%
2016-11-13 18:03:50,272 INFO mapreduce.Job: Job job_local78338153_0001 completed successfully
2016-11-13 18:03:50,313 INFO mapreduce.Job: Counters: 30
	File System Counters
		FILE: Number of bytes read=18092532
		FILE: Number of bytes written=2713427
		FILE: Number of read operations=0
		FILE: Number of large read operations=0
		FILE: Number of write operations=0
	Map-Reduce Framework
		Map input records=47688
		Map output records=2352549
		Map output bytes=14116859
		Map output materialized bytes=3117
		Input split bytes=585
		Combine input records=2352549
		Combine output records=368
		Reduce input groups=140
		Reduce shuffle bytes=3117
		Reduce input records=368
		Reduce output records=140
		Spilled Records=736
		Shuffled Maps =12
		Failed Shuffles=0
		Merged Map outputs=12
		GC time elapsed (ms)=309
		Total committed heap usage (bytes)=3643277312
	Shuffle Errors
		BAD_ID=0
		CONNECTION=0
		IO_ERROR=0
		WRONG_LENGTH=0
		WRONG_MAP=0
		WRONG_REDUCE=0
	File Input Format Counters 
		Bytes Read=2896439
	File Output Format Counters 
		Bytes Written=953

